2024-03-07 01:24:01,916 | INFO : Log for the date: 2024-03-07 01:24:01.916081



------------------------------------------------------------2024-03-07 01:24:01,916 | INFO : ====== WebDriver manager ======
2024-03-07 01:24:02,130 | INFO : Get LATEST chromedriver version for google-chrome
2024-03-07 01:24:02,132 | DEBUG : Starting new HTTPS connection (1): googlechromelabs.github.io:443
2024-03-07 01:24:02,214 | DEBUG : https://googlechromelabs.github.io:443 "GET /chrome-for-testing/latest-patch-versions-per-build.json HTTP/1.1" 200 4379
2024-03-07 01:24:02,215 | INFO : Get LATEST chromedriver version for google-chrome
2024-03-07 01:24:02,216 | DEBUG : Starting new HTTPS connection (1): googlechromelabs.github.io:443
2024-03-07 01:24:02,272 | DEBUG : https://googlechromelabs.github.io:443 "GET /chrome-for-testing/latest-patch-versions-per-build.json HTTP/1.1" 200 4379
2024-03-07 01:24:02,273 | INFO : There is no [linux64] chromedriver "122.0.6261.94" for browser google-chrome "122.0.6261" in cache
2024-03-07 01:24:02,273 | INFO : Get LATEST chromedriver version for google-chrome
2024-03-07 01:24:02,274 | DEBUG : Starting new HTTPS connection (1): googlechromelabs.github.io:443
2024-03-07 01:24:02,321 | DEBUG : https://googlechromelabs.github.io:443 "GET /chrome-for-testing/latest-patch-versions-per-build.json HTTP/1.1" 200 4379
2024-03-07 01:24:02,323 | DEBUG : Starting new HTTPS connection (1): googlechromelabs.github.io:443
2024-03-07 01:24:02,372 | DEBUG : https://googlechromelabs.github.io:443 "GET /chrome-for-testing/known-good-versions-with-downloads.json HTTP/1.1" 200 30709
2024-03-07 01:24:02,385 | INFO : WebDriver version 122.0.6261.94 selected
2024-03-07 01:24:02,386 | INFO : Modern chrome version https://storage.googleapis.com/chrome-for-testing-public/122.0.6261.94/linux64/chromedriver-linux64.zip
2024-03-07 01:24:02,387 | INFO : About to download new driver from https://storage.googleapis.com/chrome-for-testing-public/122.0.6261.94/linux64/chromedriver-linux64.zip
2024-03-07 01:24:02,387 | DEBUG : Starting new HTTPS connection (1): storage.googleapis.com:443
2024-03-07 01:24:02,438 | DEBUG : https://storage.googleapis.com:443 "GET /chrome-for-testing-public/122.0.6261.94/linux64/chromedriver-linux64.zip HTTP/1.1" 200 8597995
2024-03-07 01:24:02,439 | INFO : Driver downloading response is 200
2024-03-07 01:24:02,503 | INFO : Get LATEST chromedriver version for google-chrome
2024-03-07 01:24:02,503 | DEBUG : Starting new HTTPS connection (1): googlechromelabs.github.io:443
2024-03-07 01:24:02,553 | DEBUG : https://googlechromelabs.github.io:443 "GET /chrome-for-testing/latest-patch-versions-per-build.json HTTP/1.1" 200 4379
2024-03-07 01:24:02,668 | INFO : Driver has been saved in cache [/home/runner/.wdm/drivers/chromedriver/linux64/122.0.6261.94]
2024-03-07 01:24:02,671 | DEBUG : Started executable: `/home/runner/.wdm/drivers/chromedriver/linux64/122.0.6261.94/chromedriver-linux64/chromedriver` in a child process with pid: 1923 using 0 to output -3
2024-03-07 01:24:02,682 | DEBUG : POST http://localhost:33091/session {'capabilities': {'firstMatch': [{}], 'alwaysMatch': {'browserName': 'chrome', 'pageLoadStrategy': <PageLoadStrategy.normal: 'normal'>, 'goog:chromeOptions': {'extensions': [], 'args': ['--headless=new', '--window-size=1920,1080', '--no-sandbox', 'disable-extensions', '--disable-logging', '--disable-dev-shm-usage', '--log-level=3', 'user-agent=Mozilla/5.0 (Windows NT 10.0; Win64; x64) AppleWebKit/537.36 (KHTML, like Gecko) Chrome/121.0.0.0 Safari/537.36']}}}}
2024-03-07 01:24:02,682 | DEBUG : Starting new HTTP connection (1): localhost:33091
2024-03-07 01:24:06,240 | DEBUG : http://localhost:33091 "POST /session HTTP/1.1" 200 0
2024-03-07 01:24:06,241 | DEBUG : Remote response: status=200 | data={"value":{"capabilities":{"acceptInsecureCerts":false,"browserName":"chrome","browserVersion":"122.0.6261.94","chrome":{"chromedriverVersion":"122.0.6261.94 (880dbf29479c6152d5e4f08dfd3a96b30f919e56-refs/branch-heads/6261@{#960})","userDataDir":"/tmp/.org.chromium.Chromium.VoOJaz"},"fedcm:accounts":true,"goog:chromeOptions":{"debuggerAddress":"localhost:35851"},"networkConnectionEnabled":false,"pageLoadStrategy":"normal","platformName":"linux","proxy":{},"setWindowRect":true,"strictFileInteractability":false,"timeouts":{"implicit":0,"pageLoad":300000,"script":30000},"unhandledPromptBehavior":"dismiss and notify","webauthn:extension:credBlob":true,"webauthn:extension:largeBlob":true,"webauthn:extension:minPinLength":true,"webauthn:extension:prf":true,"webauthn:virtualAuthenticators":true},"sessionId":"135fc29ade4cd8bf604803b379c69ac2"}} | headers=HTTPHeaderDict({'Content-Length': '847', 'Content-Type': 'application/json; charset=utf-8', 'cache-control': 'no-cache'})
2024-03-07 01:24:06,241 | DEBUG : Finished Request
2024-03-07 01:24:06,241 | INFO : Driver Initialized with user_agent: Mozilla/5.0 (Windows NT 10.0; Win64; x64) AppleWebKit/537.36 (KHTML, like Gecko) Chrome/121.0.0.0 Safari/537.36
2024-03-07 01:24:06,241 | DEBUG : Requsting the site: https://www.sharesansar.com/
2024-03-07 01:24:06,241 | DEBUG : POST http://localhost:33091/session/135fc29ade4cd8bf604803b379c69ac2/url {'url': 'https://www.sharesansar.com/'}
2024-03-07 01:24:08,086 | DEBUG : http://localhost:33091 "POST /session/135fc29ade4cd8bf604803b379c69ac2/url HTTP/1.1" 200 0
2024-03-07 01:24:08,087 | DEBUG : Remote response: status=200 | data={"value":null} | headers=HTTPHeaderDict({'Content-Length': '14', 'Content-Type': 'application/json; charset=utf-8', 'cache-control': 'no-cache'})
2024-03-07 01:24:08,087 | DEBUG : Finished Request
2024-03-07 01:24:08,087 | DEBUG : POST http://localhost:33091/session/135fc29ade4cd8bf604803b379c69ac2/element {'using': 'xpath', 'value': "//footer//a[@href='/floorsheet']"}
2024-03-07 01:24:08,097 | DEBUG : http://localhost:33091 "POST /session/135fc29ade4cd8bf604803b379c69ac2/element HTTP/1.1" 200 0
2024-03-07 01:24:08,097 | DEBUG : Remote response: status=200 | data={"value":{"element-6066-11e4-a52e-4f735466cecf":"f.5C0330D81B35C3282BB54F417728397D.d.8E8DC01C4762276F6280FC3F12CFEC23.e.96"}} | headers=HTTPHeaderDict({'Content-Length': '126', 'Content-Type': 'application/json; charset=utf-8', 'cache-control': 'no-cache'})
2024-03-07 01:24:08,097 | DEBUG : Finished Request
2024-03-07 01:24:08,097 | DEBUG : Clicking the floorsheet link
2024-03-07 01:24:08,097 | DEBUG : POST http://localhost:33091/session/135fc29ade4cd8bf604803b379c69ac2/element/f.5C0330D81B35C3282BB54F417728397D.d.8E8DC01C4762276F6280FC3F12CFEC23.e.96/click {}
2024-03-07 01:24:08,112 | DEBUG : http://localhost:33091 "POST /session/135fc29ade4cd8bf604803b379c69ac2/element/f.5C0330D81B35C3282BB54F417728397D.d.8E8DC01C4762276F6280FC3F12CFEC23.e.96/click HTTP/1.1" 400 0
2024-03-07 01:24:08,112 | DEBUG : Remote response: status=400 | data={"value":{"error":"element not interactable","message":"element not interactable\n  (Session info: chrome=122.0.6261.94)","stacktrace":"#0 0x5578a1a23e93 \u003Cunknown>\n#1 0x5578a171bb37 \u003Cunknown>\n#2 0x5578a1767ec8 \u003Cunknown>\n#3 0x5578a175bd27 \u003Cunknown>\n#4 0x5578a1788eb2 \u003Cunknown>\n#5 0x5578a175b6b8 \u003Cunknown>\n#6 0x5578a178907e \u003Cunknown>\n#7 0x5578a17a7899 \u003Cunknown>\n#8 0x5578a1788c53 \u003Cunknown>\n#9 0x5578a1759db3 \u003Cunknown>\n#10 0x5578a175a77e \u003Cunknown>\n#11 0x5578a19e97cb \u003Cunknown>\n#12 0x5578a19ed7e5 \u003Cunknown>\n#13 0x5578a19d70e1 \u003Cunknown>\n#14 0x5578a19ee372 \u003Cunknown>\n#15 0x5578a19bb1bf \u003Cunknown>\n#16 0x5578a1a12488 \u003Cunknown>\n#17 0x5578a1a12683 \u003Cunknown>\n#18 0x5578a1a23044 \u003Cunknown>\n#19 0x7fc893894ac3 \u003Cunknown>\n"}} | headers=HTTPHeaderDict({'Content-Length': '829', 'Content-Type': 'application/json; charset=utf-8', 'cache-control': 'no-cache'})
2024-03-07 01:24:08,112 | DEBUG : Finished Request
2024-03-07 01:24:08,112 | CRITICAL : Script run failed with error:
 Message: element not interactable
  (Session info: chrome=122.0.6261.94)
Stacktrace:
#0 0x5578a1a23e93 <unknown>
#1 0x5578a171bb37 <unknown>
#2 0x5578a1767ec8 <unknown>
#3 0x5578a175bd27 <unknown>
#4 0x5578a1788eb2 <unknown>
#5 0x5578a175b6b8 <unknown>
#6 0x5578a178907e <unknown>
#7 0x5578a17a7899 <unknown>
#8 0x5578a1788c53 <unknown>
#9 0x5578a1759db3 <unknown>
#10 0x5578a175a77e <unknown>
#11 0x5578a19e97cb <unknown>
#12 0x5578a19ed7e5 <unknown>
#13 0x5578a19d70e1 <unknown>
#14 0x5578a19ee372 <unknown>
#15 0x5578a19bb1bf <unknown>
#16 0x5578a1a12488 <unknown>
#17 0x5578a1a12683 <unknown>
#18 0x5578a1a23044 <unknown>
#19 0x7fc893894ac3 <unknown>

2024-03-07 01:24:08,112 | INFO : Closing the driver
2024-03-07 01:24:18,123 | DEBUG : DELETE http://localhost:33091/session/135fc29ade4cd8bf604803b379c69ac2 {}
2024-03-07 01:24:18,174 | DEBUG : http://localhost:33091 "DELETE /session/135fc29ade4cd8bf604803b379c69ac2 HTTP/1.1" 200 0
2024-03-07 01:24:18,174 | DEBUG : Remote response: status=200 | data={"value":null} | headers=HTTPHeaderDict({'Content-Length': '14', 'Content-Type': 'application/json; charset=utf-8', 'cache-control': 'no-cache'})
2024-03-07 01:24:18,174 | DEBUG : Finished Request
2024-03-07 01:24:18,191 | INFO : Storing the data in csv file: floorsheet_2024-03-07.csv
2024-03-07 01:24:23,197 | INFO : Closing the driver
2024-03-07 01:24:23,197 | DEBUG : DELETE http://localhost:33091/session/135fc29ade4cd8bf604803b379c69ac2 {}
2024-03-07 01:24:23,198 | DEBUG : Starting new HTTP connection (1): localhost:33091
2024-03-07 01:24:23,198 | DEBUG : Incremented Retry for (url='/session/135fc29ade4cd8bf604803b379c69ac2'): Retry(total=2, connect=None, read=None, redirect=None, status=None)
2024-03-07 01:24:23,198 | WARNING : Retrying (Retry(total=2, connect=None, read=None, redirect=None, status=None)) after connection broken by 'NewConnectionError('<urllib3.connection.HTTPConnection object at 0x7fb223634d00>: Failed to establish a new connection: [Errno 111] Connection refused')': /session/135fc29ade4cd8bf604803b379c69ac2
2024-03-07 01:24:23,199 | DEBUG : Starting new HTTP connection (2): localhost:33091
2024-03-07 01:24:23,199 | DEBUG : Incremented Retry for (url='/session/135fc29ade4cd8bf604803b379c69ac2'): Retry(total=1, connect=None, read=None, redirect=None, status=None)
2024-03-07 01:24:23,199 | WARNING : Retrying (Retry(total=1, connect=None, read=None, redirect=None, status=None)) after connection broken by 'NewConnectionError('<urllib3.connection.HTTPConnection object at 0x7fb2236356f0>: Failed to establish a new connection: [Errno 111] Connection refused')': /session/135fc29ade4cd8bf604803b379c69ac2
2024-03-07 01:24:23,199 | DEBUG : Starting new HTTP connection (3): localhost:33091
2024-03-07 01:24:23,200 | DEBUG : Incremented Retry for (url='/session/135fc29ade4cd8bf604803b379c69ac2'): Retry(total=0, connect=None, read=None, redirect=None, status=None)
2024-03-07 01:24:23,200 | WARNING : Retrying (Retry(total=0, connect=None, read=None, redirect=None, status=None)) after connection broken by 'NewConnectionError('<urllib3.connection.HTTPConnection object at 0x7fb223635450>: Failed to establish a new connection: [Errno 111] Connection refused')': /session/135fc29ade4cd8bf604803b379c69ac2
2024-03-07 01:24:23,200 | DEBUG : Starting new HTTP connection (4): localhost:33091
------------------------------------------------------------


