### Log file2024-02-26 19:25:00,111 | INFO : Log for the date: 2024-02-26 19:25:00.111518



------------------------------------------------------------2024-02-26 19:25:00,111 | INFO : ====== WebDriver manager ======
2024-02-26 19:25:01,002 | INFO : Get LATEST chromedriver version for google-chrome
2024-02-26 19:25:01,017 | DEBUG : Starting new HTTPS connection (1): googlechromelabs.github.io:443
2024-02-26 19:25:01,049 | DEBUG : https://googlechromelabs.github.io:443 "GET /chrome-for-testing/latest-patch-versions-per-build.json HTTP/1.1" 200 4231
2024-02-26 19:25:01,049 | INFO : Get LATEST chromedriver version for google-chrome
2024-02-26 19:25:01,064 | DEBUG : Starting new HTTPS connection (1): googlechromelabs.github.io:443
2024-02-26 19:25:01,096 | DEBUG : https://googlechromelabs.github.io:443 "GET /chrome-for-testing/latest-patch-versions-per-build.json HTTP/1.1" 200 4231
2024-02-26 19:25:01,096 | INFO : There is no [win64] chromedriver "121.0.6167.184" for browser google-chrome "121.0.6167" in cache
2024-02-26 19:25:01,096 | INFO : Get LATEST chromedriver version for google-chrome
2024-02-26 19:25:01,096 | DEBUG : Starting new HTTPS connection (1): googlechromelabs.github.io:443
2024-02-26 19:25:01,142 | DEBUG : https://googlechromelabs.github.io:443 "GET /chrome-for-testing/latest-patch-versions-per-build.json HTTP/1.1" 200 4231
2024-02-26 19:25:01,142 | DEBUG : Starting new HTTPS connection (1): googlechromelabs.github.io:443
2024-02-26 19:25:01,174 | DEBUG : https://googlechromelabs.github.io:443 "GET /chrome-for-testing/known-good-versions-with-downloads.json HTTP/1.1" 200 29416
2024-02-26 19:25:01,189 | INFO : WebDriver version 121.0.6167.184 selected
2024-02-26 19:25:01,189 | INFO : Modern chrome version https://storage.googleapis.com/chrome-for-testing-public/121.0.6167.184/win32/chromedriver-win32.zip
2024-02-26 19:25:01,189 | INFO : About to download new driver from https://storage.googleapis.com/chrome-for-testing-public/121.0.6167.184/win32/chromedriver-win32.zip
2024-02-26 19:25:01,189 | DEBUG : Starting new HTTPS connection (1): storage.googleapis.com:443
2024-02-26 19:25:01,314 | DEBUG : https://storage.googleapis.com:443 "GET /chrome-for-testing-public/121.0.6167.184/win32/chromedriver-win32.zip HTTP/1.1" 200 7994597
2024-02-26 19:25:01,314 | INFO : Driver downloading response is 200
2024-02-26 19:25:01,392 | INFO : Get LATEST chromedriver version for google-chrome
2024-02-26 19:25:01,392 | DEBUG : Starting new HTTPS connection (1): googlechromelabs.github.io:443
2024-02-26 19:25:01,439 | DEBUG : https://googlechromelabs.github.io:443 "GET /chrome-for-testing/latest-patch-versions-per-build.json HTTP/1.1" 200 4231
2024-02-26 19:25:01,580 | INFO : Driver has been saved in cache [C:\Users\runneradmin\.wdm\drivers\chromedriver\win64\121.0.6167.184]
2024-02-26 19:25:01,705 | DEBUG : Started executable: `C:\Users\runneradmin\.wdm\drivers\chromedriver\win64\121.0.6167.184\chromedriver-win32/chromedriver.exe` in a child process with pid: 3608 using 0 to output -3
2024-02-26 19:25:03,722 | DEBUG : POST http://localhost:64486/session {'capabilities': {'firstMatch': [{}], 'alwaysMatch': {'browserName': 'chrome', 'pageLoadStrategy': <PageLoadStrategy.normal: 'normal'>, 'goog:chromeOptions': {'extensions': [], 'args': ['--headless=new', '--window-size=1920,1080', '--no-sandbox', 'disable-extensions', '--disable-logging', '--disable-dev-shm-usage', '--log-level=3', 'user-agent=Mozilla/5.0 (Windows NT 10.0; Win64; x64) AppleWebKit/537.36 (KHTML, like Gecko) Chrome/121.0.0.0 Safari/537.36']}}}}
2024-02-26 19:25:03,722 | DEBUG : Starting new HTTP connection (1): localhost:64486
2024-02-26 19:25:32,492 | DEBUG : http://localhost:64486 "POST /session HTTP/1.1" 200 0
2024-02-26 19:25:32,492 | DEBUG : Remote response: status=200 | data={"value":{"capabilities":{"acceptInsecureCerts":false,"browserName":"chrome","browserVersion":"121.0.6167.185","chrome":{"chromedriverVersion":"121.0.6167.184 (057a8ae7deb3374d0f1b04b36304d236f0136188-refs/branch-heads/6167@{#1818})","userDataDir":"C:\\Windows\\SystemTemp\\scoped_dir3608_1291856149"},"fedcm:accounts":true,"goog:chromeOptions":{"debuggerAddress":"localhost:64492"},"networkConnectionEnabled":false,"pageLoadStrategy":"normal","platformName":"windows","proxy":{},"setWindowRect":true,"strictFileInteractability":false,"timeouts":{"implicit":0,"pageLoad":300000,"script":30000},"unhandledPromptBehavior":"dismiss and notify","webauthn:extension:credBlob":true,"webauthn:extension:largeBlob":true,"webauthn:extension:minPinLength":true,"webauthn:extension:prf":true,"webauthn:virtualAuthenticators":true},"sessionId":"d74fdb375452d568a88aec66dc24f334"}} | headers=HTTPHeaderDict({'Content-Length': '868', 'Content-Type': 'application/json; charset=utf-8', 'cache-control': 'no-cache'})
2024-02-26 19:25:32,492 | DEBUG : Finished Request
2024-02-26 19:25:32,492 | INFO : Driver Initialized with user_agent: Mozilla/5.0 (Windows NT 10.0; Win64; x64) AppleWebKit/537.36 (KHTML, like Gecko) Chrome/121.0.0.0 Safari/537.36
2024-02-26 19:25:32,492 | DEBUG : Requsting the site: https://www.sharesansar.com/
2024-02-26 19:25:32,492 | DEBUG : POST http://localhost:64486/session/d74fdb375452d568a88aec66dc24f334/url {'url': 'https://www.sharesansar.com/'}
2024-02-26 19:25:37,497 | DEBUG : http://localhost:64486 "POST /session/d74fdb375452d568a88aec66dc24f334/url HTTP/1.1" 200 0
2024-02-26 19:25:37,497 | DEBUG : Remote response: status=200 | data={"value":null} | headers=HTTPHeaderDict({'Content-Length': '14', 'Content-Type': 'application/json; charset=utf-8', 'cache-control': 'no-cache'})
2024-02-26 19:25:37,497 | DEBUG : Finished Request
2024-02-26 19:25:37,497 | DEBUG : POST http://localhost:64486/session/d74fdb375452d568a88aec66dc24f334/element {'using': 'xpath', 'value': "//footer//a[@href='/floorsheet']"}
2024-02-26 19:25:37,521 | DEBUG : http://localhost:64486 "POST /session/d74fdb375452d568a88aec66dc24f334/element HTTP/1.1" 200 0
2024-02-26 19:25:37,521 | DEBUG : Remote response: status=200 | data={"value":{"element-6066-11e4-a52e-4f735466cecf":"250D32F440BF4D176D913F97B48BC26C_element_123"}} | headers=HTTPHeaderDict({'Content-Length': '96', 'Content-Type': 'application/json; charset=utf-8', 'cache-control': 'no-cache'})
2024-02-26 19:25:37,521 | DEBUG : Finished Request
2024-02-26 19:25:37,521 | DEBUG : Clicking the floorsheet link
2024-02-26 19:25:37,522 | DEBUG : POST http://localhost:64486/session/d74fdb375452d568a88aec66dc24f334/element/250D32F440BF4D176D913F97B48BC26C_element_123/click {}
2024-02-26 19:25:37,604 | DEBUG : http://localhost:64486 "POST /session/d74fdb375452d568a88aec66dc24f334/element/250D32F440BF4D176D913F97B48BC26C_element_123/click HTTP/1.1" 200 0
2024-02-26 19:25:37,604 | DEBUG : Remote response: status=200 | data={"value":null} | headers=HTTPHeaderDict({'Content-Length': '14', 'Content-Type': 'application/json; charset=utf-8', 'cache-control': 'no-cache'})
2024-02-26 19:25:37,604 | DEBUG : Finished Request
2024-02-26 19:25:42,611 | DEBUG : POST http://localhost:64486/session/d74fdb375452d568a88aec66dc24f334/element {'using': 'xpath', 'value': "//span[@class='selection']"}
2024-02-26 19:25:42,627 | DEBUG : http://localhost:64486 "POST /session/d74fdb375452d568a88aec66dc24f334/element HTTP/1.1" 404 0
2024-02-26 19:25:42,627 | DEBUG : Remote response: status=404 | data={"value":{"error":"no such element","message":"no such element: Unable to locate element: {\"method\":\"xpath\",\"selector\":\"//span[@class='selection']\"}\n  (Session info: chrome=121.0.6167.185)","stacktrace":"\tGetHandleVerifier [0x00EEE123+48179]\n\t(No symbol) [0x00E75D01]\n\t(No symbol) [0x00D5D72D]\n\t(No symbol) [0x00D9572B]\n\t(No symbol) [0x00D9586B]\n\t(No symbol) [0x00DCC5B2]\n\t(No symbol) [0x00DB3CD4]\n\t(No symbol) [0x00DCAA1E]\n\t(No symbol) [0x00DB3A26]\n\t(No symbol) [0x00D8B7BC]\n\t(No symbol) [0x00D8C62D]\n\tGetHandleVerifier [0x01207C33+3299139]\n\tGetHandleVerifier [0x01245BF2+3553026]\n\tGetHandleVerifier [0x01240BCC+3532508]\n\tGetHandleVerifier [0x00F8494E+664670]\n\t(No symbol) [0x00E80AB4]\n\t(No symbol) [0x00E7BF08]\n\t(No symbol) [0x00E7C02D]\n\t(No symbol) [0x00E6DD00]\n\tBaseThreadInitThunk [0x762367F9+25]\n\tRtlGetFullPathName_UEx [0x77147EBD+173]\n\tRtlGetFullPathName_UEx [0x77147E8B+123]\n"}} | headers=HTTPHeaderDict({'Content-Length': '940', 'Content-Type': 'application/json; charset=utf-8', 'cache-control': 'no-cache'})
2024-02-26 19:25:42,627 | DEBUG : Finished Request
2024-02-26 19:25:43,127 | DEBUG : POST http://localhost:64486/session/d74fdb375452d568a88aec66dc24f334/element {'using': 'xpath', 'value': "//span[@class='selection']"}
2024-02-26 19:25:43,127 | DEBUG : http://localhost:64486 "POST /session/d74fdb375452d568a88aec66dc24f334/element HTTP/1.1" 404 0
2024-02-26 19:25:43,127 | DEBUG : Remote response: status=404 | data={"value":{"error":"no such element","message":"no such element: Unable to locate element: {\"method\":\"xpath\",\"selector\":\"//span[@class='selection']\"}\n  (Session info: chrome=121.0.6167.185)","stacktrace":"\tGetHandleVerifier [0x00EEE123+48179]\n\t(No symbol) [0x00E75D01]\n\t(No symbol) [0x00D5D72D]\n\t(No symbol) [0x00D9572B]\n\t(No symbol) [0x00D9586B]\n\t(No symbol) [0x00DCC5B2]\n\t(No symbol) [0x00DB3CD4]\n\t(No symbol) [0x00DCAA1E]\n\t(No symbol) [0x00DB3A26]\n\t(No symbol) [0x00D8B7BC]\n\t(No symbol) [0x00D8C62D]\n\tGetHandleVerifier [0x01207C33+3299139]\n\tGetHandleVerifier [0x01245BF2+3553026]\n\tGetHandleVerifier [0x01240BCC+3532508]\n\tGetHandleVerifier [0x00F8494E+664670]\n\t(No symbol) [0x00E80AB4]\n\t(No symbol) [0x00E7BF08]\n\t(No symbol) [0x00E7C02D]\n\t(No symbol) [0x00E6DD00]\n\tBaseThreadInitThunk [0x762367F9+25]\n\tRtlGetFullPathName_UEx [0x77147EBD+173]\n\tRtlGetFullPathName_UEx [0x77147E8B+123]\n"}} | headers=HTTPHeaderDict({'Content-Length': '940', 'Content-Type': 'application/json; charset=utf-8', 'cache-control': 'no-cache'})
2024-02-26 19:25:43,127 | DEBUG : Finished Request
2024-02-26 19:25:43,627 | DEBUG : POST http://localhost:64486/session/d74fdb375452d568a88aec66dc24f334/element {'using': 'xpath', 'value': "//span[@class='selection']"}
2024-02-26 19:25:43,627 | DEBUG : http://localhost:64486 "POST /session/d74fdb375452d568a88aec66dc24f334/element HTTP/1.1" 404 0
2024-02-26 19:25:43,627 | DEBUG : Remote response: status=404 | data={"value":{"error":"no such element","message":"no such element: Unable to locate element: {\"method\":\"xpath\",\"selector\":\"//span[@class='selection']\"}\n  (Session info: chrome=121.0.6167.185)","stacktrace":"\tGetHandleVerifier [0x00EEE123+48179]\n\t(No symbol) [0x00E75D01]\n\t(No symbol) [0x00D5D72D]\n\t(No symbol) [0x00D9572B]\n\t(No symbol) [0x00D9586B]\n\t(No symbol) [0x00DCC5B2]\n\t(No symbol) [0x00DB3CD4]\n\t(No symbol) [0x00DCAA1E]\n\t(No symbol) [0x00DB3A26]\n\t(No symbol) [0x00D8B7BC]\n\t(No symbol) [0x00D8C62D]\n\tGetHandleVerifier [0x01207C33+3299139]\n\tGetHandleVerifier [0x01245BF2+3553026]\n\tGetHandleVerifier [0x01240BCC+3532508]\n\tGetHandleVerifier [0x00F8494E+664670]\n\t(No symbol) [0x00E80AB4]\n\t(No symbol) [0x00E7BF08]\n\t(No symbol) [0x00E7C02D]\n\t(No symbol) [0x00E6DD00]\n\tBaseThreadInitThunk [0x762367F9+25]\n\tRtlGetFullPathName_UEx [0x77147EBD+173]\n\tRtlGetFullPathName_UEx [0x77147E8B+123]\n"}} | headers=HTTPHeaderDict({'Content-Length': '940', 'Content-Type': 'application/json; charset=utf-8', 'cache-control': 'no-cache'})
2024-02-26 19:25:43,627 | DEBUG : Finished Request
2024-02-26 19:25:44,127 | DEBUG : POST http://localhost:64486/session/d74fdb375452d568a88aec66dc24f334/element {'using': 'xpath', 'value': "//span[@class='selection']"}
2024-02-26 19:25:44,127 | DEBUG : http://localhost:64486 "POST /session/d74fdb375452d568a88aec66dc24f334/element HTTP/1.1" 404 0
2024-02-26 19:25:44,127 | DEBUG : Remote response: status=404 | data={"value":{"error":"no such element","message":"no such element: Unable to locate element: {\"method\":\"xpath\",\"selector\":\"//span[@class='selection']\"}\n  (Session info: chrome=121.0.6167.185)","stacktrace":"\tGetHandleVerifier [0x00EEE123+48179]\n\t(No symbol) [0x00E75D01]\n\t(No symbol) [0x00D5D72D]\n\t(No symbol) [0x00D9572B]\n\t(No symbol) [0x00D9586B]\n\t(No symbol) [0x00DCC5B2]\n\t(No symbol) [0x00DB3CD4]\n\t(No symbol) [0x00DCAA1E]\n\t(No symbol) [0x00DB3A26]\n\t(No symbol) [0x00D8B7BC]\n\t(No symbol) [0x00D8C62D]\n\tGetHandleVerifier [0x01207C33+3299139]\n\tGetHandleVerifier [0x01245BF2+3553026]\n\tGetHandleVerifier [0x01240BCC+3532508]\n\tGetHandleVerifier [0x00F8494E+664670]\n\t(No symbol) [0x00E80AB4]\n\t(No symbol) [0x00E7BF08]\n\t(No symbol) [0x00E7C02D]\n\t(No symbol) [0x00E6DD00]\n\tBaseThreadInitThunk [0x762367F9+25]\n\tRtlGetFullPathName_UEx [0x77147EBD+173]\n\tRtlGetFullPathName_UEx [0x77147E8B+123]\n"}} | headers=HTTPHeaderDict({'Content-Length': '940', 'Content-Type': 'application/json; charset=utf-8', 'cache-control': 'no-cache'})
2024-02-26 19:25:44,127 | DEBUG : Finished Request
2024-02-26 19:25:44,628 | DEBUG : POST http://localhost:64486/session/d74fdb375452d568a88aec66dc24f334/element {'using': 'xpath', 'value': "//span[@class='selection']"}
2024-02-26 19:25:44,628 | DEBUG : http://localhost:64486 "POST /session/d74fdb375452d568a88aec66dc24f334/element HTTP/1.1" 404 0
2024-02-26 19:25:44,628 | DEBUG : Remote response: status=404 | data={"value":{"error":"no such element","message":"no such element: Unable to locate element: {\"method\":\"xpath\",\"selector\":\"//span[@class='selection']\"}\n  (Session info: chrome=121.0.6167.185)","stacktrace":"\tGetHandleVerifier [0x00EEE123+48179]\n\t(No symbol) [0x00E75D01]\n\t(No symbol) [0x00D5D72D]\n\t(No symbol) [0x00D9572B]\n\t(No symbol) [0x00D9586B]\n\t(No symbol) [0x00DCC5B2]\n\t(No symbol) [0x00DB3CD4]\n\t(No symbol) [0x00DCAA1E]\n\t(No symbol) [0x00DB3A26]\n\t(No symbol) [0x00D8B7BC]\n\t(No symbol) [0x00D8C62D]\n\tGetHandleVerifier [0x01207C33+3299139]\n\tGetHandleVerifier [0x01245BF2+3553026]\n\tGetHandleVerifier [0x01240BCC+3532508]\n\tGetHandleVerifier [0x00F8494E+664670]\n\t(No symbol) [0x00E80AB4]\n\t(No symbol) [0x00E7BF08]\n\t(No symbol) [0x00E7C02D]\n\t(No symbol) [0x00E6DD00]\n\tBaseThreadInitThunk [0x762367F9+25]\n\tRtlGetFullPathName_UEx [0x77147EBD+173]\n\tRtlGetFullPathName_UEx [0x77147E8B+123]\n"}} | headers=HTTPHeaderDict({'Content-Length': '940', 'Content-Type': 'application/json; charset=utf-8', 'cache-control': 'no-cache'})
2024-02-26 19:25:44,628 | DEBUG : Finished Request
2024-02-26 19:25:45,128 | DEBUG : POST http://localhost:64486/session/d74fdb375452d568a88aec66dc24f334/element {'using': 'xpath', 'value': "//span[@class='selection']"}
2024-02-26 19:25:45,139 | DEBUG : http://localhost:64486 "POST /session/d74fdb375452d568a88aec66dc24f334/element HTTP/1.1" 404 0
2024-02-26 19:25:45,139 | DEBUG : Remote response: status=404 | data={"value":{"error":"no such element","message":"no such element: Unable to locate element: {\"method\":\"xpath\",\"selector\":\"//span[@class='selection']\"}\n  (Session info: chrome=121.0.6167.185)","stacktrace":"\tGetHandleVerifier [0x00EEE123+48179]\n\t(No symbol) [0x00E75D01]\n\t(No symbol) [0x00D5D72D]\n\t(No symbol) [0x00D9572B]\n\t(No symbol) [0x00D9586B]\n\t(No symbol) [0x00DCC5B2]\n\t(No symbol) [0x00DB3CD4]\n\t(No symbol) [0x00DCAA1E]\n\t(No symbol) [0x00DB3A26]\n\t(No symbol) [0x00D8B7BC]\n\t(No symbol) [0x00D8C62D]\n\tGetHandleVerifier [0x01207C33+3299139]\n\tGetHandleVerifier [0x01245BF2+3553026]\n\tGetHandleVerifier [0x01240BCC+3532508]\n\tGetHandleVerifier [0x00F8494E+664670]\n\t(No symbol) [0x00E80AB4]\n\t(No symbol) [0x00E7BF08]\n\t(No symbol) [0x00E7C02D]\n\t(No symbol) [0x00E6DD00]\n\tBaseThreadInitThunk [0x762367F9+25]\n\tRtlGetFullPathName_UEx [0x77147EBD+173]\n\tRtlGetFullPathName_UEx [0x77147E8B+123]\n"}} | headers=HTTPHeaderDict({'Content-Length': '940', 'Content-Type': 'application/json; charset=utf-8', 'cache-control': 'no-cache'})
2024-02-26 19:25:45,139 | DEBUG : Finished Request
2024-02-26 19:25:45,640 | DEBUG : POST http://localhost:64486/session/d74fdb375452d568a88aec66dc24f334/element {'using': 'xpath', 'value': "//span[@class='selection']"}
2024-02-26 19:25:45,649 | DEBUG : http://localhost:64486 "POST /session/d74fdb375452d568a88aec66dc24f334/element HTTP/1.1" 404 0
2024-02-26 19:25:45,650 | DEBUG : Remote response: status=404 | data={"value":{"error":"no such element","message":"no such element: Unable to locate element: {\"method\":\"xpath\",\"selector\":\"//span[@class='selection']\"}\n  (Session info: chrome=121.0.6167.185)","stacktrace":"\tGetHandleVerifier [0x00EEE123+48179]\n\t(No symbol) [0x00E75D01]\n\t(No symbol) [0x00D5D72D]\n\t(No symbol) [0x00D9572B]\n\t(No symbol) [0x00D9586B]\n\t(No symbol) [0x00DCC5B2]\n\t(No symbol) [0x00DB3CD4]\n\t(No symbol) [0x00DCAA1E]\n\t(No symbol) [0x00DB3A26]\n\t(No symbol) [0x00D8B7BC]\n\t(No symbol) [0x00D8C62D]\n\tGetHandleVerifier [0x01207C33+3299139]\n\tGetHandleVerifier [0x01245BF2+3553026]\n\tGetHandleVerifier [0x01240BCC+3532508]\n\tGetHandleVerifier [0x00F8494E+664670]\n\t(No symbol) [0x00E80AB4]\n\t(No symbol) [0x00E7BF08]\n\t(No symbol) [0x00E7C02D]\n\t(No symbol) [0x00E6DD00]\n\tBaseThreadInitThunk [0x762367F9+25]\n\tRtlGetFullPathName_UEx [0x77147EBD+173]\n\tRtlGetFullPathName_UEx [0x77147E8B+123]\n"}} | headers=HTTPHeaderDict({'Content-Length': '940', 'Content-Type': 'application/json; charset=utf-8', 'cache-control': 'no-cache'})
2024-02-26 19:25:45,650 | DEBUG : Finished Request
2024-02-26 19:25:46,152 | DEBUG : POST http://localhost:64486/session/d74fdb375452d568a88aec66dc24f334/element {'using': 'xpath', 'value': "//span[@class='selection']"}
2024-02-26 19:25:46,152 | DEBUG : http://localhost:64486 "POST /session/d74fdb375452d568a88aec66dc24f334/element HTTP/1.1" 404 0
2024-02-26 19:25:46,152 | DEBUG : Remote response: status=404 | data={"value":{"error":"no such element","message":"no such element: Unable to locate element: {\"method\":\"xpath\",\"selector\":\"//span[@class='selection']\"}\n  (Session info: chrome=121.0.6167.185)","stacktrace":"\tGetHandleVerifier [0x00EEE123+48179]\n\t(No symbol) [0x00E75D01]\n\t(No symbol) [0x00D5D72D]\n\t(No symbol) [0x00D9572B]\n\t(No symbol) [0x00D9586B]\n\t(No symbol) [0x00DCC5B2]\n\t(No symbol) [0x00DB3CD4]\n\t(No symbol) [0x00DCAA1E]\n\t(No symbol) [0x00DB3A26]\n\t(No symbol) [0x00D8B7BC]\n\t(No symbol) [0x00D8C62D]\n\tGetHandleVerifier [0x01207C33+3299139]\n\tGetHandleVerifier [0x01245BF2+3553026]\n\tGetHandleVerifier [0x01240BCC+3532508]\n\tGetHandleVerifier [0x00F8494E+664670]\n\t(No symbol) [0x00E80AB4]\n\t(No symbol) [0x00E7BF08]\n\t(No symbol) [0x00E7C02D]\n\t(No symbol) [0x00E6DD00]\n\tBaseThreadInitThunk [0x762367F9+25]\n\tRtlGetFullPathName_UEx [0x77147EBD+173]\n\tRtlGetFullPathName_UEx [0x77147E8B+123]\n"}} | headers=HTTPHeaderDict({'Content-Length': '940', 'Content-Type': 'application/json; charset=utf-8', 'cache-control': 'no-cache'})
2024-02-26 19:25:46,152 | DEBUG : Finished Request
2024-02-26 19:25:46,663 | DEBUG : POST http://localhost:64486/session/d74fdb375452d568a88aec66dc24f334/element {'using': 'xpath', 'value': "//span[@class='selection']"}
2024-02-26 19:25:46,663 | DEBUG : http://localhost:64486 "POST /session/d74fdb375452d568a88aec66dc24f334/element HTTP/1.1" 404 0
2024-02-26 19:25:46,663 | DEBUG : Remote response: status=404 | data={"value":{"error":"no such element","message":"no such element: Unable to locate element: {\"method\":\"xpath\",\"selector\":\"//span[@class='selection']\"}\n  (Session info: chrome=121.0.6167.185)","stacktrace":"\tGetHandleVerifier [0x00EEE123+48179]\n\t(No symbol) [0x00E75D01]\n\t(No symbol) [0x00D5D72D]\n\t(No symbol) [0x00D9572B]\n\t(No symbol) [0x00D9586B]\n\t(No symbol) [0x00DCC5B2]\n\t(No symbol) [0x00DB3CD4]\n\t(No symbol) [0x00DCAA1E]\n\t(No symbol) [0x00DB3A26]\n\t(No symbol) [0x00D8B7BC]\n\t(No symbol) [0x00D8C62D]\n\tGetHandleVerifier [0x01207C33+3299139]\n\tGetHandleVerifier [0x01245BF2+3553026]\n\tGetHandleVerifier [0x01240BCC+3532508]\n\tGetHandleVerifier [0x00F8494E+664670]\n\t(No symbol) [0x00E80AB4]\n\t(No symbol) [0x00E7BF08]\n\t(No symbol) [0x00E7C02D]\n\t(No symbol) [0x00E6DD00]\n\tBaseThreadInitThunk [0x762367F9+25]\n\tRtlGetFullPathName_UEx [0x77147EBD+173]\n\tRtlGetFullPathName_UEx [0x77147E8B+123]\n"}} | headers=HTTPHeaderDict({'Content-Length': '940', 'Content-Type': 'application/json; charset=utf-8', 'cache-control': 'no-cache'})
2024-02-26 19:25:46,663 | DEBUG : Finished Request
2024-02-26 19:25:47,163 | DEBUG : POST http://localhost:64486/session/d74fdb375452d568a88aec66dc24f334/element {'using': 'xpath', 'value': "//span[@class='selection']"}
2024-02-26 19:25:47,163 | DEBUG : http://localhost:64486 "POST /session/d74fdb375452d568a88aec66dc24f334/element HTTP/1.1" 404 0
2024-02-26 19:25:47,163 | DEBUG : Remote response: status=404 | data={"value":{"error":"no such element","message":"no such element: Unable to locate element: {\"method\":\"xpath\",\"selector\":\"//span[@class='selection']\"}\n  (Session info: chrome=121.0.6167.185)","stacktrace":"\tGetHandleVerifier [0x00EEE123+48179]\n\t(No symbol) [0x00E75D01]\n\t(No symbol) [0x00D5D72D]\n\t(No symbol) [0x00D9572B]\n\t(No symbol) [0x00D9586B]\n\t(No symbol) [0x00DCC5B2]\n\t(No symbol) [0x00DB3CD4]\n\t(No symbol) [0x00DCAA1E]\n\t(No symbol) [0x00DB3A26]\n\t(No symbol) [0x00D8B7BC]\n\t(No symbol) [0x00D8C62D]\n\tGetHandleVerifier [0x01207C33+3299139]\n\tGetHandleVerifier [0x01245BF2+3553026]\n\tGetHandleVerifier [0x01240BCC+3532508]\n\tGetHandleVerifier [0x00F8494E+664670]\n\t(No symbol) [0x00E80AB4]\n\t(No symbol) [0x00E7BF08]\n\t(No symbol) [0x00E7C02D]\n\t(No symbol) [0x00E6DD00]\n\tBaseThreadInitThunk [0x762367F9+25]\n\tRtlGetFullPathName_UEx [0x77147EBD+173]\n\tRtlGetFullPathName_UEx [0x77147E8B+123]\n"}} | headers=HTTPHeaderDict({'Content-Length': '940', 'Content-Type': 'application/json; charset=utf-8', 'cache-control': 'no-cache'})
2024-02-26 19:25:47,163 | DEBUG : Finished Request
2024-02-26 19:25:47,664 | CRITICAL : Script run failed with error:
 Message: 
Stacktrace:
	GetHandleVerifier [0x00EEE123+48179]
	(No symbol) [0x00E75D01]
	(No symbol) [0x00D5D72D]
	(No symbol) [0x00D9572B]
	(No symbol) [0x00D9586B]
	(No symbol) [0x00DCC5B2]
	(No symbol) [0x00DB3CD4]
	(No symbol) [0x00DCAA1E]
	(No symbol) [0x00DB3A26]
	(No symbol) [0x00D8B7BC]
	(No symbol) [0x00D8C62D]
	GetHandleVerifier [0x01207C33+3299139]
	GetHandleVerifier [0x01245BF2+3553026]
	GetHandleVerifier [0x01240BCC+3532508]
	GetHandleVerifier [0x00F8494E+664670]
	(No symbol) [0x00E80AB4]
	(No symbol) [0x00E7BF08]
	(No symbol) [0x00E7C02D]
	(No symbol) [0x00E6DD00]
	BaseThreadInitThunk [0x762367F9+25]
	RtlGetFullPathName_UEx [0x77147EBD+173]
	RtlGetFullPathName_UEx [0x77147E8B+123]

2024-02-26 19:25:47,664 | INFO : Closing the driver
2024-02-26 19:25:47,664 | DEBUG : DELETE http://localhost:64486/session/d74fdb375452d568a88aec66dc24f334 {}
2024-02-26 19:25:47,742 | DEBUG : http://localhost:64486 "DELETE /session/d74fdb375452d568a88aec66dc24f334 HTTP/1.1" 200 0
2024-02-26 19:25:47,742 | DEBUG : Remote response: status=200 | data={"value":null} | headers=HTTPHeaderDict({'Content-Length': '14', 'Content-Type': 'application/json; charset=utf-8', 'cache-control': 'no-cache'})
2024-02-26 19:25:47,742 | DEBUG : Finished Request
2024-02-26 19:25:49,821 | INFO : Storing the data in csv file: floorsheet_2024-02-26.csv
2024-02-26 19:25:49,821 | INFO : Closing the driver
2024-02-26 19:25:49,821 | DEBUG : DELETE http://localhost:64486/session/d74fdb375452d568a88aec66dc24f334 {}
2024-02-26 19:25:49,821 | DEBUG : Starting new HTTP connection (1): localhost:64486
2024-02-26 19:25:53,872 | DEBUG : Incremented Retry for (url='/session/d74fdb375452d568a88aec66dc24f334'): Retry(total=2, connect=None, read=None, redirect=None, status=None)
2024-02-26 19:25:53,872 | WARNING : Retrying (Retry(total=2, connect=None, read=None, redirect=None, status=None)) after connection broken by 'NewConnectionError('<urllib3.connection.HTTPConnection object at 0x000001FE8C2B5D50>: Failed to establish a new connection: [WinError 10061] No connection could be made because the target machine actively refused it')': /session/d74fdb375452d568a88aec66dc24f334
2024-02-26 19:25:53,872 | DEBUG : Starting new HTTP connection (2): localhost:64486
2024-02-26 19:25:57,908 | DEBUG : Incremented Retry for (url='/session/d74fdb375452d568a88aec66dc24f334'): Retry(total=1, connect=None, read=None, redirect=None, status=None)
2024-02-26 19:25:57,908 | WARNING : Retrying (Retry(total=1, connect=None, read=None, redirect=None, status=None)) after connection broken by 'NewConnectionError('<urllib3.connection.HTTPConnection object at 0x000001FE8C2B57E0>: Failed to establish a new connection: [WinError 10061] No connection could be made because the target machine actively refused it')': /session/d74fdb375452d568a88aec66dc24f334
2024-02-26 19:25:57,908 | DEBUG : Starting new HTTP connection (3): localhost:64486
2024-02-26 19:26:01,957 | DEBUG : Incremented Retry for (url='/session/d74fdb375452d568a88aec66dc24f334'): Retry(total=0, connect=None, read=None, redirect=None, status=None)
2024-02-26 19:26:01,957 | WARNING : Retrying (Retry(total=0, connect=None, read=None, redirect=None, status=None)) after connection broken by 'NewConnectionError('<urllib3.connection.HTTPConnection object at 0x000001FE8C2B5CC0>: Failed to establish a new connection: [WinError 10061] No connection could be made because the target machine actively refused it')': /session/d74fdb375452d568a88aec66dc24f334
2024-02-26 19:26:01,957 | DEBUG : Starting new HTTP connection (4): localhost:64486
------------------------------------------------------------


