2024-03-01 01:43:41,180 | INFO : Log for the date: 2024-03-01 01:43:41.180632



------------------------------------------------------------2024-03-01 01:43:41,180 | INFO : ====== WebDriver manager ======
2024-03-01 01:43:41,367 | INFO : Get LATEST chromedriver version for google-chrome
2024-03-01 01:43:41,369 | DEBUG : Starting new HTTPS connection (1): googlechromelabs.github.io:443
2024-03-01 01:43:41,408 | DEBUG : https://googlechromelabs.github.io:443 "GET /chrome-for-testing/latest-patch-versions-per-build.json HTTP/1.1" 200 4281
2024-03-01 01:43:41,409 | INFO : Get LATEST chromedriver version for google-chrome
2024-03-01 01:43:41,410 | DEBUG : Starting new HTTPS connection (1): googlechromelabs.github.io:443
2024-03-01 01:43:41,446 | DEBUG : https://googlechromelabs.github.io:443 "GET /chrome-for-testing/latest-patch-versions-per-build.json HTTP/1.1" 200 4281
2024-03-01 01:43:41,447 | INFO : There is no [linux64] chromedriver "122.0.6261.94" for browser google-chrome "122.0.6261" in cache
2024-03-01 01:43:41,447 | INFO : Get LATEST chromedriver version for google-chrome
2024-03-01 01:43:41,448 | DEBUG : Starting new HTTPS connection (1): googlechromelabs.github.io:443
2024-03-01 01:43:41,481 | DEBUG : https://googlechromelabs.github.io:443 "GET /chrome-for-testing/latest-patch-versions-per-build.json HTTP/1.1" 200 4281
2024-03-01 01:43:41,483 | DEBUG : Starting new HTTPS connection (1): googlechromelabs.github.io:443
2024-03-01 01:43:41,515 | DEBUG : https://googlechromelabs.github.io:443 "GET /chrome-for-testing/known-good-versions-with-downloads.json HTTP/1.1" 200 29896
2024-03-01 01:43:41,527 | INFO : WebDriver version 122.0.6261.94 selected
2024-03-01 01:43:41,528 | INFO : Modern chrome version https://storage.googleapis.com/chrome-for-testing-public/122.0.6261.94/linux64/chromedriver-linux64.zip
2024-03-01 01:43:41,528 | INFO : About to download new driver from https://storage.googleapis.com/chrome-for-testing-public/122.0.6261.94/linux64/chromedriver-linux64.zip
2024-03-01 01:43:41,529 | DEBUG : Starting new HTTPS connection (1): storage.googleapis.com:443
2024-03-01 01:43:41,594 | DEBUG : https://storage.googleapis.com:443 "GET /chrome-for-testing-public/122.0.6261.94/linux64/chromedriver-linux64.zip HTTP/1.1" 200 8597995
2024-03-01 01:43:41,594 | INFO : Driver downloading response is 200
2024-03-01 01:43:41,762 | INFO : Get LATEST chromedriver version for google-chrome
2024-03-01 01:43:41,762 | DEBUG : Starting new HTTPS connection (1): googlechromelabs.github.io:443
2024-03-01 01:43:41,796 | DEBUG : https://googlechromelabs.github.io:443 "GET /chrome-for-testing/latest-patch-versions-per-build.json HTTP/1.1" 200 4281
2024-03-01 01:43:41,911 | INFO : Driver has been saved in cache [/home/runner/.wdm/drivers/chromedriver/linux64/122.0.6261.94]
2024-03-01 01:43:41,913 | DEBUG : Started executable: `/home/runner/.wdm/drivers/chromedriver/linux64/122.0.6261.94/chromedriver-linux64/chromedriver` in a child process with pid: 1863 using 0 to output -3
2024-03-01 01:43:41,924 | DEBUG : POST http://localhost:52785/session {'capabilities': {'firstMatch': [{}], 'alwaysMatch': {'browserName': 'chrome', 'pageLoadStrategy': <PageLoadStrategy.normal: 'normal'>, 'goog:chromeOptions': {'extensions': [], 'args': ['--headless=new', '--window-size=1920,1080', '--no-sandbox', 'disable-extensions', '--disable-logging', '--disable-dev-shm-usage', '--log-level=3', 'user-agent=Mozilla/5.0 (Windows NT 10.0; Win64; x64) AppleWebKit/537.36 (KHTML, like Gecko) Chrome/121.0.0.0 Safari/537.36']}}}}
2024-03-01 01:43:41,924 | DEBUG : Starting new HTTP connection (1): localhost:52785
2024-03-01 01:43:49,704 | DEBUG : http://localhost:52785 "POST /session HTTP/1.1" 200 0
2024-03-01 01:43:49,704 | DEBUG : Remote response: status=200 | data={"value":{"capabilities":{"acceptInsecureCerts":false,"browserName":"chrome","browserVersion":"122.0.6261.69","chrome":{"chromedriverVersion":"122.0.6261.94 (880dbf29479c6152d5e4f08dfd3a96b30f919e56-refs/branch-heads/6261@{#960})","userDataDir":"/tmp/.org.chromium.Chromium.8sdYpI"},"fedcm:accounts":true,"goog:chromeOptions":{"debuggerAddress":"localhost:46695"},"networkConnectionEnabled":false,"pageLoadStrategy":"normal","platformName":"linux","proxy":{},"setWindowRect":true,"strictFileInteractability":false,"timeouts":{"implicit":0,"pageLoad":300000,"script":30000},"unhandledPromptBehavior":"dismiss and notify","webauthn:extension:credBlob":true,"webauthn:extension:largeBlob":true,"webauthn:extension:minPinLength":true,"webauthn:extension:prf":true,"webauthn:virtualAuthenticators":true},"sessionId":"b7ce63f3932813d5738dde309a8e5e7b"}} | headers=HTTPHeaderDict({'Content-Length': '847', 'Content-Type': 'application/json; charset=utf-8', 'cache-control': 'no-cache'})
2024-03-01 01:43:49,704 | DEBUG : Finished Request
2024-03-01 01:43:49,704 | INFO : Driver Initialized with user_agent: Mozilla/5.0 (Windows NT 10.0; Win64; x64) AppleWebKit/537.36 (KHTML, like Gecko) Chrome/121.0.0.0 Safari/537.36
2024-03-01 01:43:49,704 | DEBUG : Requsting the site: https://www.sharesansar.com/
2024-03-01 01:43:49,704 | DEBUG : POST http://localhost:52785/session/b7ce63f3932813d5738dde309a8e5e7b/url {'url': 'https://www.sharesansar.com/'}
2024-03-01 01:43:52,879 | DEBUG : http://localhost:52785 "POST /session/b7ce63f3932813d5738dde309a8e5e7b/url HTTP/1.1" 200 0
2024-03-01 01:43:52,879 | DEBUG : Remote response: status=200 | data={"value":null} | headers=HTTPHeaderDict({'Content-Length': '14', 'Content-Type': 'application/json; charset=utf-8', 'cache-control': 'no-cache'})
2024-03-01 01:43:52,879 | DEBUG : Finished Request
2024-03-01 01:43:52,879 | DEBUG : POST http://localhost:52785/session/b7ce63f3932813d5738dde309a8e5e7b/element {'using': 'xpath', 'value': "//footer//a[@href='/floorsheet']"}
2024-03-01 01:43:52,888 | DEBUG : http://localhost:52785 "POST /session/b7ce63f3932813d5738dde309a8e5e7b/element HTTP/1.1" 200 0
2024-03-01 01:43:52,888 | DEBUG : Remote response: status=200 | data={"value":{"element-6066-11e4-a52e-4f735466cecf":"f.A2AA0A8D41A37DBBD7084AAA228D4235.d.C5CFF0F901C7380B99E3A754EFEA3D14.e.102"}} | headers=HTTPHeaderDict({'Content-Length': '127', 'Content-Type': 'application/json; charset=utf-8', 'cache-control': 'no-cache'})
2024-03-01 01:43:52,888 | DEBUG : Finished Request
2024-03-01 01:43:52,888 | DEBUG : Clicking the floorsheet link
2024-03-01 01:43:52,888 | DEBUG : POST http://localhost:52785/session/b7ce63f3932813d5738dde309a8e5e7b/element/f.A2AA0A8D41A37DBBD7084AAA228D4235.d.C5CFF0F901C7380B99E3A754EFEA3D14.e.102/click {}
2024-03-01 01:43:52,966 | DEBUG : http://localhost:52785 "POST /session/b7ce63f3932813d5738dde309a8e5e7b/element/f.A2AA0A8D41A37DBBD7084AAA228D4235.d.C5CFF0F901C7380B99E3A754EFEA3D14.e.102/click HTTP/1.1" 200 0
2024-03-01 01:43:52,966 | DEBUG : Remote response: status=200 | data={"value":null} | headers=HTTPHeaderDict({'Content-Length': '14', 'Content-Type': 'application/json; charset=utf-8', 'cache-control': 'no-cache'})
2024-03-01 01:43:52,967 | DEBUG : Finished Request
2024-03-01 01:43:57,969 | DEBUG : POST http://localhost:52785/session/b7ce63f3932813d5738dde309a8e5e7b/element {'using': 'xpath', 'value': "//span[@class='selection']"}
2024-03-01 01:43:57,982 | DEBUG : http://localhost:52785 "POST /session/b7ce63f3932813d5738dde309a8e5e7b/element HTTP/1.1" 404 0
2024-03-01 01:43:57,982 | DEBUG : Remote response: status=404 | data={"value":{"error":"no such element","message":"no such element: Unable to locate element: {\"method\":\"xpath\",\"selector\":\"//span[@class='selection']\"}\n  (Session info: chrome=122.0.6261.69)","stacktrace":"#0 0x564ca0d71e93 \u003Cunknown>\n#1 0x564ca0a69ce6 \u003Cunknown>\n#2 0x564ca0ab4e48 \u003Cunknown>\n#3 0x564ca0ab4f01 \u003Cunknown>\n#4 0x564ca0af83f4 \u003Cunknown>\n#5 0x564ca0ad6edd \u003Cunknown>\n#6 0x564ca0af5899 \u003Cunknown>\n#7 0x564ca0ad6c53 \u003Cunknown>\n#8 0x564ca0aa7db3 \u003Cunknown>\n#9 0x564ca0aa877e \u003Cunknown>\n#10 0x564ca0d377cb \u003Cunknown>\n#11 0x564ca0d3b7e5 \u003Cunknown>\n#12 0x564ca0d250e1 \u003Cunknown>\n#13 0x564ca0d3c372 \u003Cunknown>\n#14 0x564ca0d091bf \u003Cunknown>\n#15 0x564ca0d60488 \u003Cunknown>\n#16 0x564ca0d60683 \u003Cunknown>\n#17 0x564ca0d71044 \u003Cunknown>\n#18 0x7fba73694ac3 \u003Cunknown>\n"}} | headers=HTTPHeaderDict({'Content-Length': '870', 'Content-Type': 'application/json; charset=utf-8', 'cache-control': 'no-cache'})
2024-03-01 01:43:57,983 | DEBUG : Finished Request
2024-03-01 01:43:58,483 | DEBUG : POST http://localhost:52785/session/b7ce63f3932813d5738dde309a8e5e7b/element {'using': 'xpath', 'value': "//span[@class='selection']"}
2024-03-01 01:43:58,492 | DEBUG : http://localhost:52785 "POST /session/b7ce63f3932813d5738dde309a8e5e7b/element HTTP/1.1" 404 0
2024-03-01 01:43:58,492 | DEBUG : Remote response: status=404 | data={"value":{"error":"no such element","message":"no such element: Unable to locate element: {\"method\":\"xpath\",\"selector\":\"//span[@class='selection']\"}\n  (Session info: chrome=122.0.6261.69)","stacktrace":"#0 0x564ca0d71e93 \u003Cunknown>\n#1 0x564ca0a69ce6 \u003Cunknown>\n#2 0x564ca0ab4e48 \u003Cunknown>\n#3 0x564ca0ab4f01 \u003Cunknown>\n#4 0x564ca0af83f4 \u003Cunknown>\n#5 0x564ca0ad6edd \u003Cunknown>\n#6 0x564ca0af5899 \u003Cunknown>\n#7 0x564ca0ad6c53 \u003Cunknown>\n#8 0x564ca0aa7db3 \u003Cunknown>\n#9 0x564ca0aa877e \u003Cunknown>\n#10 0x564ca0d377cb \u003Cunknown>\n#11 0x564ca0d3b7e5 \u003Cunknown>\n#12 0x564ca0d250e1 \u003Cunknown>\n#13 0x564ca0d3c372 \u003Cunknown>\n#14 0x564ca0d091bf \u003Cunknown>\n#15 0x564ca0d60488 \u003Cunknown>\n#16 0x564ca0d60683 \u003Cunknown>\n#17 0x564ca0d71044 \u003Cunknown>\n#18 0x7fba73694ac3 \u003Cunknown>\n"}} | headers=HTTPHeaderDict({'Content-Length': '870', 'Content-Type': 'application/json; charset=utf-8', 'cache-control': 'no-cache'})
2024-03-01 01:43:58,492 | DEBUG : Finished Request
2024-03-01 01:43:58,993 | DEBUG : POST http://localhost:52785/session/b7ce63f3932813d5738dde309a8e5e7b/element {'using': 'xpath', 'value': "//span[@class='selection']"}
2024-03-01 01:43:59,002 | DEBUG : http://localhost:52785 "POST /session/b7ce63f3932813d5738dde309a8e5e7b/element HTTP/1.1" 404 0
2024-03-01 01:43:59,002 | DEBUG : Remote response: status=404 | data={"value":{"error":"no such element","message":"no such element: Unable to locate element: {\"method\":\"xpath\",\"selector\":\"//span[@class='selection']\"}\n  (Session info: chrome=122.0.6261.69)","stacktrace":"#0 0x564ca0d71e93 \u003Cunknown>\n#1 0x564ca0a69ce6 \u003Cunknown>\n#2 0x564ca0ab4e48 \u003Cunknown>\n#3 0x564ca0ab4f01 \u003Cunknown>\n#4 0x564ca0af83f4 \u003Cunknown>\n#5 0x564ca0ad6edd \u003Cunknown>\n#6 0x564ca0af5899 \u003Cunknown>\n#7 0x564ca0ad6c53 \u003Cunknown>\n#8 0x564ca0aa7db3 \u003Cunknown>\n#9 0x564ca0aa877e \u003Cunknown>\n#10 0x564ca0d377cb \u003Cunknown>\n#11 0x564ca0d3b7e5 \u003Cunknown>\n#12 0x564ca0d250e1 \u003Cunknown>\n#13 0x564ca0d3c372 \u003Cunknown>\n#14 0x564ca0d091bf \u003Cunknown>\n#15 0x564ca0d60488 \u003Cunknown>\n#16 0x564ca0d60683 \u003Cunknown>\n#17 0x564ca0d71044 \u003Cunknown>\n#18 0x7fba73694ac3 \u003Cunknown>\n"}} | headers=HTTPHeaderDict({'Content-Length': '870', 'Content-Type': 'application/json; charset=utf-8', 'cache-control': 'no-cache'})
2024-03-01 01:43:59,002 | DEBUG : Finished Request
2024-03-01 01:43:59,503 | DEBUG : POST http://localhost:52785/session/b7ce63f3932813d5738dde309a8e5e7b/element {'using': 'xpath', 'value': "//span[@class='selection']"}
2024-03-01 01:43:59,511 | DEBUG : http://localhost:52785 "POST /session/b7ce63f3932813d5738dde309a8e5e7b/element HTTP/1.1" 404 0
2024-03-01 01:43:59,511 | DEBUG : Remote response: status=404 | data={"value":{"error":"no such element","message":"no such element: Unable to locate element: {\"method\":\"xpath\",\"selector\":\"//span[@class='selection']\"}\n  (Session info: chrome=122.0.6261.69)","stacktrace":"#0 0x564ca0d71e93 \u003Cunknown>\n#1 0x564ca0a69ce6 \u003Cunknown>\n#2 0x564ca0ab4e48 \u003Cunknown>\n#3 0x564ca0ab4f01 \u003Cunknown>\n#4 0x564ca0af83f4 \u003Cunknown>\n#5 0x564ca0ad6edd \u003Cunknown>\n#6 0x564ca0af5899 \u003Cunknown>\n#7 0x564ca0ad6c53 \u003Cunknown>\n#8 0x564ca0aa7db3 \u003Cunknown>\n#9 0x564ca0aa877e \u003Cunknown>\n#10 0x564ca0d377cb \u003Cunknown>\n#11 0x564ca0d3b7e5 \u003Cunknown>\n#12 0x564ca0d250e1 \u003Cunknown>\n#13 0x564ca0d3c372 \u003Cunknown>\n#14 0x564ca0d091bf \u003Cunknown>\n#15 0x564ca0d60488 \u003Cunknown>\n#16 0x564ca0d60683 \u003Cunknown>\n#17 0x564ca0d71044 \u003Cunknown>\n#18 0x7fba73694ac3 \u003Cunknown>\n"}} | headers=HTTPHeaderDict({'Content-Length': '870', 'Content-Type': 'application/json; charset=utf-8', 'cache-control': 'no-cache'})
2024-03-01 01:43:59,512 | DEBUG : Finished Request
2024-03-01 01:44:00,012 | DEBUG : POST http://localhost:52785/session/b7ce63f3932813d5738dde309a8e5e7b/element {'using': 'xpath', 'value': "//span[@class='selection']"}
2024-03-01 01:44:00,021 | DEBUG : http://localhost:52785 "POST /session/b7ce63f3932813d5738dde309a8e5e7b/element HTTP/1.1" 404 0
2024-03-01 01:44:00,021 | DEBUG : Remote response: status=404 | data={"value":{"error":"no such element","message":"no such element: Unable to locate element: {\"method\":\"xpath\",\"selector\":\"//span[@class='selection']\"}\n  (Session info: chrome=122.0.6261.69)","stacktrace":"#0 0x564ca0d71e93 \u003Cunknown>\n#1 0x564ca0a69ce6 \u003Cunknown>\n#2 0x564ca0ab4e48 \u003Cunknown>\n#3 0x564ca0ab4f01 \u003Cunknown>\n#4 0x564ca0af83f4 \u003Cunknown>\n#5 0x564ca0ad6edd \u003Cunknown>\n#6 0x564ca0af5899 \u003Cunknown>\n#7 0x564ca0ad6c53 \u003Cunknown>\n#8 0x564ca0aa7db3 \u003Cunknown>\n#9 0x564ca0aa877e \u003Cunknown>\n#10 0x564ca0d377cb \u003Cunknown>\n#11 0x564ca0d3b7e5 \u003Cunknown>\n#12 0x564ca0d250e1 \u003Cunknown>\n#13 0x564ca0d3c372 \u003Cunknown>\n#14 0x564ca0d091bf \u003Cunknown>\n#15 0x564ca0d60488 \u003Cunknown>\n#16 0x564ca0d60683 \u003Cunknown>\n#17 0x564ca0d71044 \u003Cunknown>\n#18 0x7fba73694ac3 \u003Cunknown>\n"}} | headers=HTTPHeaderDict({'Content-Length': '870', 'Content-Type': 'application/json; charset=utf-8', 'cache-control': 'no-cache'})
2024-03-01 01:44:00,021 | DEBUG : Finished Request
2024-03-01 01:44:00,521 | DEBUG : POST http://localhost:52785/session/b7ce63f3932813d5738dde309a8e5e7b/element {'using': 'xpath', 'value': "//span[@class='selection']"}
2024-03-01 01:44:00,530 | DEBUG : http://localhost:52785 "POST /session/b7ce63f3932813d5738dde309a8e5e7b/element HTTP/1.1" 404 0
2024-03-01 01:44:00,531 | DEBUG : Remote response: status=404 | data={"value":{"error":"no such element","message":"no such element: Unable to locate element: {\"method\":\"xpath\",\"selector\":\"//span[@class='selection']\"}\n  (Session info: chrome=122.0.6261.69)","stacktrace":"#0 0x564ca0d71e93 \u003Cunknown>\n#1 0x564ca0a69ce6 \u003Cunknown>\n#2 0x564ca0ab4e48 \u003Cunknown>\n#3 0x564ca0ab4f01 \u003Cunknown>\n#4 0x564ca0af83f4 \u003Cunknown>\n#5 0x564ca0ad6edd \u003Cunknown>\n#6 0x564ca0af5899 \u003Cunknown>\n#7 0x564ca0ad6c53 \u003Cunknown>\n#8 0x564ca0aa7db3 \u003Cunknown>\n#9 0x564ca0aa877e \u003Cunknown>\n#10 0x564ca0d377cb \u003Cunknown>\n#11 0x564ca0d3b7e5 \u003Cunknown>\n#12 0x564ca0d250e1 \u003Cunknown>\n#13 0x564ca0d3c372 \u003Cunknown>\n#14 0x564ca0d091bf \u003Cunknown>\n#15 0x564ca0d60488 \u003Cunknown>\n#16 0x564ca0d60683 \u003Cunknown>\n#17 0x564ca0d71044 \u003Cunknown>\n#18 0x7fba73694ac3 \u003Cunknown>\n"}} | headers=HTTPHeaderDict({'Content-Length': '870', 'Content-Type': 'application/json; charset=utf-8', 'cache-control': 'no-cache'})
2024-03-01 01:44:00,531 | DEBUG : Finished Request
2024-03-01 01:44:01,031 | DEBUG : POST http://localhost:52785/session/b7ce63f3932813d5738dde309a8e5e7b/element {'using': 'xpath', 'value': "//span[@class='selection']"}
2024-03-01 01:44:01,040 | DEBUG : http://localhost:52785 "POST /session/b7ce63f3932813d5738dde309a8e5e7b/element HTTP/1.1" 404 0
2024-03-01 01:44:01,040 | DEBUG : Remote response: status=404 | data={"value":{"error":"no such element","message":"no such element: Unable to locate element: {\"method\":\"xpath\",\"selector\":\"//span[@class='selection']\"}\n  (Session info: chrome=122.0.6261.69)","stacktrace":"#0 0x564ca0d71e93 \u003Cunknown>\n#1 0x564ca0a69ce6 \u003Cunknown>\n#2 0x564ca0ab4e48 \u003Cunknown>\n#3 0x564ca0ab4f01 \u003Cunknown>\n#4 0x564ca0af83f4 \u003Cunknown>\n#5 0x564ca0ad6edd \u003Cunknown>\n#6 0x564ca0af5899 \u003Cunknown>\n#7 0x564ca0ad6c53 \u003Cunknown>\n#8 0x564ca0aa7db3 \u003Cunknown>\n#9 0x564ca0aa877e \u003Cunknown>\n#10 0x564ca0d377cb \u003Cunknown>\n#11 0x564ca0d3b7e5 \u003Cunknown>\n#12 0x564ca0d250e1 \u003Cunknown>\n#13 0x564ca0d3c372 \u003Cunknown>\n#14 0x564ca0d091bf \u003Cunknown>\n#15 0x564ca0d60488 \u003Cunknown>\n#16 0x564ca0d60683 \u003Cunknown>\n#17 0x564ca0d71044 \u003Cunknown>\n#18 0x7fba73694ac3 \u003Cunknown>\n"}} | headers=HTTPHeaderDict({'Content-Length': '870', 'Content-Type': 'application/json; charset=utf-8', 'cache-control': 'no-cache'})
2024-03-01 01:44:01,040 | DEBUG : Finished Request
2024-03-01 01:44:01,541 | DEBUG : POST http://localhost:52785/session/b7ce63f3932813d5738dde309a8e5e7b/element {'using': 'xpath', 'value': "//span[@class='selection']"}
2024-03-01 01:44:01,549 | DEBUG : http://localhost:52785 "POST /session/b7ce63f3932813d5738dde309a8e5e7b/element HTTP/1.1" 404 0
2024-03-01 01:44:01,549 | DEBUG : Remote response: status=404 | data={"value":{"error":"no such element","message":"no such element: Unable to locate element: {\"method\":\"xpath\",\"selector\":\"//span[@class='selection']\"}\n  (Session info: chrome=122.0.6261.69)","stacktrace":"#0 0x564ca0d71e93 \u003Cunknown>\n#1 0x564ca0a69ce6 \u003Cunknown>\n#2 0x564ca0ab4e48 \u003Cunknown>\n#3 0x564ca0ab4f01 \u003Cunknown>\n#4 0x564ca0af83f4 \u003Cunknown>\n#5 0x564ca0ad6edd \u003Cunknown>\n#6 0x564ca0af5899 \u003Cunknown>\n#7 0x564ca0ad6c53 \u003Cunknown>\n#8 0x564ca0aa7db3 \u003Cunknown>\n#9 0x564ca0aa877e \u003Cunknown>\n#10 0x564ca0d377cb \u003Cunknown>\n#11 0x564ca0d3b7e5 \u003Cunknown>\n#12 0x564ca0d250e1 \u003Cunknown>\n#13 0x564ca0d3c372 \u003Cunknown>\n#14 0x564ca0d091bf \u003Cunknown>\n#15 0x564ca0d60488 \u003Cunknown>\n#16 0x564ca0d60683 \u003Cunknown>\n#17 0x564ca0d71044 \u003Cunknown>\n#18 0x7fba73694ac3 \u003Cunknown>\n"}} | headers=HTTPHeaderDict({'Content-Length': '870', 'Content-Type': 'application/json; charset=utf-8', 'cache-control': 'no-cache'})
2024-03-01 01:44:01,549 | DEBUG : Finished Request
2024-03-01 01:44:02,050 | DEBUG : POST http://localhost:52785/session/b7ce63f3932813d5738dde309a8e5e7b/element {'using': 'xpath', 'value': "//span[@class='selection']"}
2024-03-01 01:44:02,058 | DEBUG : http://localhost:52785 "POST /session/b7ce63f3932813d5738dde309a8e5e7b/element HTTP/1.1" 404 0
2024-03-01 01:44:02,058 | DEBUG : Remote response: status=404 | data={"value":{"error":"no such element","message":"no such element: Unable to locate element: {\"method\":\"xpath\",\"selector\":\"//span[@class='selection']\"}\n  (Session info: chrome=122.0.6261.69)","stacktrace":"#0 0x564ca0d71e93 \u003Cunknown>\n#1 0x564ca0a69ce6 \u003Cunknown>\n#2 0x564ca0ab4e48 \u003Cunknown>\n#3 0x564ca0ab4f01 \u003Cunknown>\n#4 0x564ca0af83f4 \u003Cunknown>\n#5 0x564ca0ad6edd \u003Cunknown>\n#6 0x564ca0af5899 \u003Cunknown>\n#7 0x564ca0ad6c53 \u003Cunknown>\n#8 0x564ca0aa7db3 \u003Cunknown>\n#9 0x564ca0aa877e \u003Cunknown>\n#10 0x564ca0d377cb \u003Cunknown>\n#11 0x564ca0d3b7e5 \u003Cunknown>\n#12 0x564ca0d250e1 \u003Cunknown>\n#13 0x564ca0d3c372 \u003Cunknown>\n#14 0x564ca0d091bf \u003Cunknown>\n#15 0x564ca0d60488 \u003Cunknown>\n#16 0x564ca0d60683 \u003Cunknown>\n#17 0x564ca0d71044 \u003Cunknown>\n#18 0x7fba73694ac3 \u003Cunknown>\n"}} | headers=HTTPHeaderDict({'Content-Length': '870', 'Content-Type': 'application/json; charset=utf-8', 'cache-control': 'no-cache'})
2024-03-01 01:44:02,059 | DEBUG : Finished Request
2024-03-01 01:44:02,559 | DEBUG : POST http://localhost:52785/session/b7ce63f3932813d5738dde309a8e5e7b/element {'using': 'xpath', 'value': "//span[@class='selection']"}
2024-03-01 01:44:02,568 | DEBUG : http://localhost:52785 "POST /session/b7ce63f3932813d5738dde309a8e5e7b/element HTTP/1.1" 404 0
2024-03-01 01:44:02,568 | DEBUG : Remote response: status=404 | data={"value":{"error":"no such element","message":"no such element: Unable to locate element: {\"method\":\"xpath\",\"selector\":\"//span[@class='selection']\"}\n  (Session info: chrome=122.0.6261.69)","stacktrace":"#0 0x564ca0d71e93 \u003Cunknown>\n#1 0x564ca0a69ce6 \u003Cunknown>\n#2 0x564ca0ab4e48 \u003Cunknown>\n#3 0x564ca0ab4f01 \u003Cunknown>\n#4 0x564ca0af83f4 \u003Cunknown>\n#5 0x564ca0ad6edd \u003Cunknown>\n#6 0x564ca0af5899 \u003Cunknown>\n#7 0x564ca0ad6c53 \u003Cunknown>\n#8 0x564ca0aa7db3 \u003Cunknown>\n#9 0x564ca0aa877e \u003Cunknown>\n#10 0x564ca0d377cb \u003Cunknown>\n#11 0x564ca0d3b7e5 \u003Cunknown>\n#12 0x564ca0d250e1 \u003Cunknown>\n#13 0x564ca0d3c372 \u003Cunknown>\n#14 0x564ca0d091bf \u003Cunknown>\n#15 0x564ca0d60488 \u003Cunknown>\n#16 0x564ca0d60683 \u003Cunknown>\n#17 0x564ca0d71044 \u003Cunknown>\n#18 0x7fba73694ac3 \u003Cunknown>\n"}} | headers=HTTPHeaderDict({'Content-Length': '870', 'Content-Type': 'application/json; charset=utf-8', 'cache-control': 'no-cache'})
2024-03-01 01:44:02,568 | DEBUG : Finished Request
2024-03-01 01:44:03,069 | CRITICAL : Script run failed with error:
 Message: 
Stacktrace:
#0 0x564ca0d71e93 <unknown>
#1 0x564ca0a69ce6 <unknown>
#2 0x564ca0ab4e48 <unknown>
#3 0x564ca0ab4f01 <unknown>
#4 0x564ca0af83f4 <unknown>
#5 0x564ca0ad6edd <unknown>
#6 0x564ca0af5899 <unknown>
#7 0x564ca0ad6c53 <unknown>
#8 0x564ca0aa7db3 <unknown>
#9 0x564ca0aa877e <unknown>
#10 0x564ca0d377cb <unknown>
#11 0x564ca0d3b7e5 <unknown>
#12 0x564ca0d250e1 <unknown>
#13 0x564ca0d3c372 <unknown>
#14 0x564ca0d091bf <unknown>
#15 0x564ca0d60488 <unknown>
#16 0x564ca0d60683 <unknown>
#17 0x564ca0d71044 <unknown>
#18 0x7fba73694ac3 <unknown>

2024-03-01 01:44:03,069 | INFO : Closing the driver
2024-03-01 01:44:13,073 | DEBUG : DELETE http://localhost:52785/session/b7ce63f3932813d5738dde309a8e5e7b {}
2024-03-01 01:44:13,125 | DEBUG : http://localhost:52785 "DELETE /session/b7ce63f3932813d5738dde309a8e5e7b HTTP/1.1" 200 0
2024-03-01 01:44:13,125 | DEBUG : Remote response: status=200 | data={"value":null} | headers=HTTPHeaderDict({'Content-Length': '14', 'Content-Type': 'application/json; charset=utf-8', 'cache-control': 'no-cache'})
2024-03-01 01:44:13,125 | DEBUG : Finished Request
2024-03-01 01:44:13,142 | INFO : Storing the data in csv file: floorsheet_2024-03-01.csv
2024-03-01 01:44:18,149 | INFO : Closing the driver
2024-03-01 01:44:18,149 | DEBUG : DELETE http://localhost:52785/session/b7ce63f3932813d5738dde309a8e5e7b {}
2024-03-01 01:44:18,149 | DEBUG : Starting new HTTP connection (1): localhost:52785
2024-03-01 01:44:18,150 | DEBUG : Incremented Retry for (url='/session/b7ce63f3932813d5738dde309a8e5e7b'): Retry(total=2, connect=None, read=None, redirect=None, status=None)
2024-03-01 01:44:18,150 | WARNING : Retrying (Retry(total=2, connect=None, read=None, redirect=None, status=None)) after connection broken by 'NewConnectionError('<urllib3.connection.HTTPConnection object at 0x7fd04d2f8cd0>: Failed to establish a new connection: [Errno 111] Connection refused')': /session/b7ce63f3932813d5738dde309a8e5e7b
2024-03-01 01:44:18,150 | DEBUG : Starting new HTTP connection (2): localhost:52785
2024-03-01 01:44:18,150 | DEBUG : Incremented Retry for (url='/session/b7ce63f3932813d5738dde309a8e5e7b'): Retry(total=1, connect=None, read=None, redirect=None, status=None)
2024-03-01 01:44:18,151 | WARNING : Retrying (Retry(total=1, connect=None, read=None, redirect=None, status=None)) after connection broken by 'NewConnectionError('<urllib3.connection.HTTPConnection object at 0x7fd04d2f93c0>: Failed to establish a new connection: [Errno 111] Connection refused')': /session/b7ce63f3932813d5738dde309a8e5e7b
2024-03-01 01:44:18,151 | DEBUG : Starting new HTTP connection (3): localhost:52785
2024-03-01 01:44:18,151 | DEBUG : Incremented Retry for (url='/session/b7ce63f3932813d5738dde309a8e5e7b'): Retry(total=0, connect=None, read=None, redirect=None, status=None)
2024-03-01 01:44:18,151 | WARNING : Retrying (Retry(total=0, connect=None, read=None, redirect=None, status=None)) after connection broken by 'NewConnectionError('<urllib3.connection.HTTPConnection object at 0x7fd04d2f8370>: Failed to establish a new connection: [Errno 111] Connection refused')': /session/b7ce63f3932813d5738dde309a8e5e7b
2024-03-01 01:44:18,151 | DEBUG : Starting new HTTP connection (4): localhost:52785
------------------------------------------------------------


